<?xml version="1.0" encoding="UTF-8" standalone="no"?>
<!DOCTYPE log SYSTEM "logger.dtd">
<log>
<record>
  <date>2014-12-10T10:23:43</date>
  <millis>1418203423768</millis>
  <sequence>0</sequence>
  <logger>paquete.VentanaContrNum</logger>
  <level>FINEST</level>
  <class>pkcontrolnum.VentanaContrNum</class>
  <method>jBCalcularActionPerformed</method>
  <thread>14</thread>
  <message>Posicion 1: 3</message>
</record>
<record>
  <date>2014-12-10T10:23:43</date>
  <millis>1418203423781</millis>
  <sequence>1</sequence>
  <logger>paquete.VentanaContrNum</logger>
  <level>FINEST</level>
  <class>pkcontrolnum.VentanaContrNum</class>
  <method>jBCalcularActionPerformed</method>
  <thread>14</thread>
  <message>Posicion 1: 2</message>
</record>
<record>
  <date>2014-12-10T10:23:43</date>
  <millis>1418203423781</millis>
  <sequence>2</sequence>
  <logger>paquete.VentanaContrNum</logger>
  <level>FINEST</level>
  <class>pkcontrolnum.VentanaContrNum</class>
  <method>jBCalcularActionPerformed</method>
  <thread>14</thread>
  <message>Cadena Digito 1: 3</message>
</record>
<record>
  <date>2014-12-10T10:23:43</date>
  <millis>1418203423781</millis>
  <sequence>3</sequence>
  <logger>paquete.VentanaContrNum</logger>
  <level>FINEST</level>
  <class>pkcontrolnum.VentanaContrNum</class>
  <method>jBCalcularActionPerformed</method>
  <thread>14</thread>
  <message>Cadena Digito 2: 2</message>
</record>
<record>
  <date>2014-12-10T10:23:43</date>
  <millis>1418203423783</millis>
  <sequence>4</sequence>
  <logger>paquete.VentanaContrNum</logger>
  <level>FINEST</level>
  <class>pkcontrolnum.VentanaContrNum</class>
  <method>jBCalcularActionPerformed</method>
  <thread>14</thread>
  <message>Division = 3.0/2.0</message>
</record>
</log>
